<?xml version="1.0" encoding="UTF-8"?>
<!-- Generated by org.testng.reporters.JUnitReportReporter -->
<testsuite hostname="DESKTOP-G3NU5E4" failures="0" tests="1" name="com.test.PageTestRunner.CotactTestRunner" time="8.319" errors="0" timestamp="29 Mar 2020 02:36:44 GMT" skipped="0">
  <testcase classname="com.test.PageTestRunner.CotactTestRunner" name="feature" time="8.319"/>
</testsuite> <!-- com.test.PageTestRunner.CotactTestRunner -->
